13:20:10 **** Build of configuration Debug for project 8-A ****
make all 
Building file: ../Sorces/pro8.c
Invoking: Cygwin C Compiler
gcc -O0 -g3 -Wall -c -fmessage-length=0 -MMD -MP -MF"Sorces/pro8.d" -MT"Sorces/pro8.o" -o "Sorces/pro8.o" "../Sorces/pro8.c"
../Sorces/pro8.c: In function 'main':
../Sorces/pro8.c:36:8: warning: implicit declaration of function 'read_word' [-Wimplicit-function-declaration]
   36 |  while(read_word(buf)){
      |        ^~~~~~~~~
In file included from ../Sorces/pro8.c:3:
../Sorces/pro8.c:37:17: warning: array subscript has type 'char' [-Wchar-subscripts]
   37 |   if(isdigit(buf[0])){
      |              ~~~^~~
../Sorces/pro8.c:38:26: warning: implicit declaration of function 'error'; did you mean 'perror'? [-Wimplicit-function-declaration]
   38 |    if(push(atoi(buf))==0)error("stack full",NULL);
      |                          ^~~~~
      |                          perror
../Sorces/pro8.c: At top level:
../Sorces/pro8.c:78:6: warning: conflicting types for 'error'
   78 | void error(char *f,char *s){
      |      ^~~~~
../Sorces/pro8.c:38:26: note: previous implicit declaration of 'error' was here
   38 |    if(push(atoi(buf))==0)error("stack full",NULL);
      |                          ^~~~~
Finished building: ../Sorces/pro8.c
 
Building target: 8-A.exe
Invoking: Cygwin C Linker
gcc  -o "8-A.exe" ./Sorces/pro8.o   
Finished building target: 8-A.exe
 

13:20:12 Build Finished. 0 errors, 4 warnings. (took 1s.646ms)

